<?xml version="1.0" encoding="UTF-8"?>
<!-- Generated by org.testng.reporters.JUnitXMLReporter -->
<testsuite hostname="DESKTOP-D69UDMV" name="Default test" tests="3" failures="0" timestamp="30 May 2019 08:42:39 GMT" time="44.296" errors="0">
  <testcase name="TC1" time="7.443" classname="LoginTest.SanityLogin"/>
  <testcase name="Tc2" time="7.656" classname="LoginTest.SanityLogin"/>
  <testcase name="TC3" time="7.981" classname="LoginTest.SanityLogin"/>
</testsuite> <!-- Default test -->
