<?xml version="1.0" encoding="UTF-8"?>
<!-- Generated by org.testng.reporters.JUnitXMLReporter -->
<testsuite hostname="DESKTOP-D69UDMV" name="Login Sanity Flow" tests="3" failures="0" timestamp="23 May 2019 14:13:58 GMT" time="44.977" errors="0">
  <testcase name="TC1" time="8.443" classname="LoginTest.SanityLogin"/>
  <testcase name="Tc2" time="7.542" classname="LoginTest.SanityLogin"/>
  <testcase name="TC3" time="8.817" classname="LoginTest.SanityLogin"/>
</testsuite> <!-- Login Sanity Flow -->
